[debug] [2026-07-14T07:39:00.299Z] : 
[debug] [2026-07-14T07:39:00.305Z] : ----------------------------------------------------------------------
[debug] [2026-07-14T07:39:00.305Z] : Command:      C:\Program Files\nodejs\node.exe C:\Users\Nandeesh\AppData\Roaming\npm\node_modules\zcatalyst-cli\lib\bin\catalyst.js serve
[debug] [2026-07-14T07:39:00.305Z] : CLI Version:  1.26.2
[debug] [2026-07-14T07:39:00.305Z] : Platform:     win32
[debug] [2026-07-14T07:39:00.305Z] : Node Version: v24.14.1
[debug] [2026-07-14T07:39:00.305Z] : Time:         Tue Jul 14 2026 13:09:00 GMT+0530 (India Standard Time)
[debug] [2026-07-14T07:39:00.305Z] : ----------------------------------------------------------------------
[debug] [2026-07-14T07:39:00.305Z] : 
[debug] [2026-07-14T07:39:01.019Z] : > authorizing via signed-in user option
[debug] [2026-07-14T07:39:01.019Z] : > command requires scopes: ["ZohoCatalyst.projects.ALL","ZohoCatalyst.apigateway.apis.READ","ZohoCatalyst.apigateway.READ","ZohoCatalyst.segments.ALL","ZohoCatalyst.cache.READ","ZohoCatalyst.cache.CREATE","ZohoCatalyst.cache.DELETE","ZohoCatalyst.projects.ALL","ZohoCatalyst.cron.ALL","ZohoCatalyst.zcql.CREATE","ZohoCatalyst.projects.users.READ","ZohoCatalyst.projects.users.CREATE","ZohoCatalyst.projects.users.DELETE","ZohoCatalyst.projects.users.UPDATE","ZohoCatalyst.authentication.CREATE","ZohoCatalyst.email.CREATE","ZohoCatalyst.tables.ALL","ZohoCatalyst.tables.rows.ALL","ZohoCatalyst.tables.columns.ALL","ZohoCatalyst.tables.bulk.CREATE","ZohoCatalyst.tables.bulk.READ","ZohoCatalyst.folders.ALL","ZohoCatalyst.files.CREATE","ZohoCatalyst.files.READ","ZohoCatalyst.files.DELETE","ZohoCatalyst.functions.ALL","ZohoCatalyst.functions.EXECUTE","ZohoCatalyst.eventlistners.ALL","ZohoCatalyst.eventlisteners.produce","ZohoCatalyst.security.rules.Read","ZohoCatalyst.security.rules.Update","ZohoCatalyst.notifications.mobile","ZohoCatalyst.notifications.web","ZohoCatalyst.search.READ","ZohoCatalyst.mlkit.READ","QuickML.deployment.READ","ZohoCatalyst.pdfshot.execute","ZohoCatalyst.grid.READ","ZohoCatalyst.grid.terminate","ZohoCatalyst.circuits.execution.DELETE","ZohoCatalyst.circuits.execution.READ","ZohoCatalyst.circuits.execute","ZohoCatalyst.appsail.Read","ZohoCatalyst.jobpool.READ","ZohoCatalyst.job.ALL","ZohoCatalyst.nosql.READ","ZohoCatalyst.nosql.rows.ALL"]
[debug] [2026-07-14T07:39:01.031Z] : > refreshing access token <
[debug] [2026-07-14T07:39:01.031Z] : >>>> HTTP REQUEST : POST https://accounts.zoho.in/oauth/v2/token 
<request body omitted>

[debug] [2026-07-14T07:39:01.401Z] : <<<< HTTP RESPONSE : 200
Response Headers: {"server":"ZGS","date":"Tue, 14 Jul 2026 07:39:01 GMT","content-type":"application/json;charset=UTF-8","content-length":"2523","connection":"keep-alive","cache-control":"no-store","x-content-type-options":"nosniff","pragma":"no-cache","x-frame-options":"SAMEORIGIN","vary":"accept-encoding","content-language":"en-US","strict-transport-security":"max-age=64072000; includeSubDomains; preload"}

[debug] [2026-07-14T07:39:01.414Z] : >>>> HTTP REQUEST : GET https://api.catalyst.zoho.in/baas/v1/project/47942000000035001 

[debug] [2026-07-14T07:39:01.607Z] : <<<< HTTP RESPONSE : 200
Response Headers: {"server":"ZGS","date":"Tue, 14 Jul 2026 07:39:01 GMT","content-type":"application/vnd.catalyst.v2+json","transfer-encoding":"chunked","connection":"keep-alive","x-content-type-options":"nosniff","cache-control":"private,no-cache,no-store,max-age=0,must-revalidate","pragma":"no-cache","expires":"Thu, 01 Jan 1970 00:00:00 GMT","x-frame-options":"DENY","strict-transport-security":"max-age=64072000; includeSubDomains; preload"}

[debug] [2026-07-14T07:39:01.612Z] : >>>> HTTP REQUEST : GET https://api.catalyst.zoho.in/baas/v1/project/47942000000035001/environment 

[debug] [2026-07-14T07:39:01.665Z] : <<<< HTTP RESPONSE : 200
Response Headers: {"server":"ZGS","date":"Tue, 14 Jul 2026 07:39:01 GMT","content-type":"application/vnd.catalyst.v2+json","transfer-encoding":"chunked","connection":"keep-alive","x-content-type-options":"nosniff","cache-control":"private,no-cache,no-store,max-age=0,must-revalidate","pragma":"no-cache","expires":"Thu, 01 Jan 1970 00:00:00 GMT","x-frame-options":"DENY","strict-transport-security":"max-age=64072000; includeSubDomains; preload"}

[debug] [2026-07-14T07:39:01.747Z] : Build folder already exists, starting cleanup
[debug] [2026-07-14T07:39:01.854Z] : >>>> HTTP REQUEST : GET https://api.catalyst.zoho.in/baas/get-details 
Query params: {"feature_name":"runtime"}

[debug] [2026-07-14T07:39:01.895Z] : <<<< HTTP RESPONSE : 200
Response Headers: {"server":"ZGS","date":"Tue, 14 Jul 2026 07:39:01 GMT","content-type":"application/vnd.catalyst.v2+json","transfer-encoding":"chunked","connection":"keep-alive","x-content-type-options":"nosniff","cache-control":"private,no-cache,no-store,max-age=0,must-revalidate","pragma":"no-cache","expires":"Thu, 01 Jan 1970 00:00:00 GMT","x-frame-options":"DENY","strict-transport-security":"max-age=64072000; includeSubDomains; preload"}

[debug] [2026-07-14T07:39:01.897Z] : >>>> HTTP REQUEST : GET https://api.catalyst.zoho.in/baas/v1/project/47942000000035001/function 
Query params: {"type":"basicio,event,cron,applogic,integration,browser_logic,job"}

[debug] [2026-07-14T07:39:01.953Z] : <<<< HTTP RESPONSE : 200
Response Headers: {"server":"ZGS","date":"Tue, 14 Jul 2026 07:39:01 GMT","content-type":"application/vnd.catalyst.v2+json","transfer-encoding":"chunked","connection":"keep-alive","x-content-type-options":"nosniff","cache-control":"private,no-cache,no-store,max-age=0,must-revalidate","pragma":"no-cache","expires":"Thu, 01 Jan 1970 00:00:00 GMT","x-frame-options":"DENY","strict-transport-security":"max-age=64072000; includeSubDomains; preload"}

[debug] [2026-07-14T07:39:01.956Z] : unknown eol undefined hence skipping check
[debug] [2026-07-14T07:39:01.966Z] : Node binary for stack node24 is at C:\Program Files\nodejs\node.exe
[info] [2026-07-14T07:39:05.490Z] : [react-plugin]: Starting the development server...

[info] [2026-07-14T07:39:05.491Z] : 
[info] [2026-07-14T07:39:05.491Z] : i Client[crime-analytics-dashboard]: Plugin : "zcatalyst-cli-plugin-react" is used for client serve
[info] [2026-07-14T07:39:05.491Z] : 
[debug] [2026-07-14T07:39:06.529Z] : No API Gateway configuration found. Skipping API Gateway rules
[info] [2026-07-14T07:39:06.532Z] : 
[info] [2026-07-14T07:39:06.532Z] :  >>>>>>>>>>>>> Advanced I/O <<<<<<<<<<< 
[info] [2026-07-14T07:39:06.532Z] : i datathon_kps_h_2_s_function: http://localhost:3000/server/datathon_kps_h_2_s_function/
[info] [2026-07-14T07:39:06.532Z] : 
[info] [2026-07-14T07:39:06.532Z] : 
[info] [2026-07-14T07:39:06.532Z] :  >>>>>>>>>>>>> Web Client <<<<<<<<<<<<
[info] [2026-07-14T07:39:06.532Z] : i client[crime-analytics-dashboard]: http://localhost:3000/app/
[info] [2026-07-14T07:39:06.532Z] : 
[info] [2026-07-14T07:39:07.342Z] : [1784014747341]  "GET"  "/app/"
[info] [2026-07-14T07:39:15.784Z] : [react-plugin]: Failed to compile.

[info] [2026-07-14T07:39:15.784Z] : [react-plugin]: Module not found: Error: Can't resolve 'leaflet' in 'C:\Projects\H2S-Datathon\crime-analytics-dashboard\src\components'
[info] [2026-07-14T07:39:15.983Z] : [1784014755980]  "GET"  "/app/static/js/bundle.js"
[info] [2026-07-14T07:39:16.180Z] : [1784014756180]  "GET"  "/app/favicon.ico"
[info] [2026-07-14T07:39:16.223Z] : [1784014756222]  "GET"  "/app/manifest.json"
[info] [2026-07-14T07:39:16.543Z] : [1784014756541]  "GET"  "/app/logo192.png"
[info] [2026-07-14T07:39:28.848Z] : [1784014768848]  "GET"  "/app/manifest.json"
[info] [2026-07-14T07:39:28.869Z] : [1784014768868]  "GET"  "/.well-known/appspecific/com.chrome.devtools.json"
[info] [2026-07-14T07:39:29.210Z] : [1784014769208]  "GET"  "/app/static/js/bundle.js.map"
[info] [2026-07-14T07:39:58.002Z] : [1784014798001]  "GET"  "/app/"
[info] [2026-07-14T07:39:58.033Z] : [1784014798033]  "GET"  "/app/static/js/bundle.js"
[info] [2026-07-14T07:39:58.266Z] : [1784014798265]  "GET"  "/app/favicon.ico"
[info] [2026-07-14T07:39:58.358Z] : [1784014798357]  "GET"  "/app/manifest.json"
[info] [2026-07-14T07:39:58.685Z] : [1784014798684]  "GET"  "/app/logo192.png"
[info] [2026-07-14T07:48:00.314Z] : [react-plugin]: Compiling...
[info] [2026-07-14T07:48:02.399Z] : [react-plugin]: Failed to compile.

[info] [2026-07-14T07:48:02.399Z] : [react-plugin]: Module not found: Error: Can't resolve 'leaflet' in 'C:\Projects\H2S-Datathon\crime-analytics-dashboard\src\components'
[info] [2026-07-14T07:48:02.415Z] : [react-plugin]: Compiling...
[info] [2026-07-14T07:48:02.865Z] : [react-plugin]: Compiled with warnings.

[info] [2026-07-14T07:48:02.865Z] : [react-plugin]: [eslint] 
src\components\HotspotMap.js
  Line 70:10:  'error' is assigned a value but never used  no-unused-vars

src\components\NetworkGraph.js
  Line 65:6:  React Hook useEffect has a missing dependency: 'searchVal'. Either include it or remove the dependency array  react-hooks/exhaustive-deps
[info] [2026-07-14T07:48:02.865Z] : [react-plugin]: 
Search for the keywords to learn more about each warning.
[info] [2026-07-14T07:48:02.865Z] : [react-plugin]: To ignore, add // eslint-disable-next-line to the line before.

[info] [2026-07-14T07:48:03.192Z] : [1784015283192]  "GET"  "/app/main.80ca352b80a906ed711d.hot-update.json"
[info] [2026-07-14T07:48:03.447Z] : [1784015283447]  "GET"  "/app/main.80ca352b80a906ed711d.hot-update.js"
[info] [2026-07-14T07:48:03.533Z] : [1784015283533]  "GET"  "/app/main.aad75984e85cc3a2caec.hot-update.json"
[info] [2026-07-14T07:48:03.841Z] : [1784015283841]  "GET"  "/app/main.aad75984e85cc3a2caec.hot-update.js"
[info] [2026-07-14T07:48:04.107Z] : [1784015284107]  "GET"  "/app/"
[info] [2026-07-14T07:48:04.248Z] : [1784015284248]  "GET"  "/app/static/js/bundle.js"
[info] [2026-07-14T07:48:04.456Z] : [1784015284456]  "GET"  "/app/manifest.json"
[info] [2026-07-14T07:48:04.573Z] : [1784015284573]  "POST"  "/server/datathon_kps_h_2_s_function/analytics/query"
[info] [2026-07-14T07:48:04.887Z] : [1784015284887]  "POST"  "/server/datathon_kps_h_2_s_function/analytics/query"
[info] [2026-07-14T07:48:04.888Z] : [1784015284888]  "POST"  "/server/datathon_kps_h_2_s_function/analytics/query"
[info] [2026-07-14T07:48:04.889Z] : [1784015284889]  "POST"  "/server/datathon_kps_h_2_s_function/analytics/query"
[info] [2026-07-14T07:48:04.890Z] : [1784015284890]  "POST"  "/server/datathon_kps_h_2_s_function/analytics/query"
[info] [2026-07-14T07:48:04.890Z] : [1784015284890]  "POST"  "/server/datathon_kps_h_2_s_function/analytics/query"
[info] [2026-07-14T07:48:05.012Z] : [1784015285012]  "POST"  "/server/datathon_kps_h_2_s_function/analytics/query"
[info] [2026-07-14T07:48:05.207Z] : [1784015285207]  "POST"  "/server/datathon_kps_h_2_s_function/analytics/query"
[info] [2026-07-14T07:48:05.208Z] : [1784015285208]  "POST"  "/server/datathon_kps_h_2_s_function/analytics/query"
[info] [2026-07-14T07:48:05.209Z] : [1784015285209]  "POST"  "/server/datathon_kps_h_2_s_function/analytics/query"
[info] [2026-07-14T07:48:05.442Z] : [1784015285442]  "GET"  "/app/favicon.ico"
[info] [2026-07-14T07:48:05.443Z] : [1784015285443]  "GET"  "/app/logo192.png"
[info] [2026-07-14T07:48:17.746Z] : 
change of package-lock.json in datathon_kps_h_2_s_function detected. Preparing your function, please wait...
[debug] [2026-07-14T07:48:17.774Z] : Node binary for stack node24 is at C:\Program Files\nodejs\node.exe
[info] [2026-07-14T07:48:19.048Z] : i AdvancedIO[datathon_kps_h_2_s_function]: ready!
[info] [2026-07-14T07:48:19.049Z] : i AdvancedIO[datathon_kps_h_2_s_function]: http://localhost:3000/server/datathon_kps_h_2_s_function/
[info] [2026-07-14T07:49:15.351Z] : [react-plugin]: Compiling...
[info] [2026-07-14T07:49:16.016Z] : [react-plugin]: Compiled with warnings.

[info] [2026-07-14T07:49:16.017Z] : [react-plugin]: [eslint] 
src\components\NetworkGraph.js
  Line 65:6:  React Hook useEffect has a missing dependency: 'searchVal'. Either include it or remove the dependency array  react-hooks/exhaustive-deps
[info] [2026-07-14T07:49:16.017Z] : [react-plugin]: 
Search for the keywords to learn more about each warning.
[info] [2026-07-14T07:49:16.017Z] : [react-plugin]: To ignore, add // eslint-disable-next-line to the line before.

[info] [2026-07-14T07:49:16.334Z] : [1784015356332]  "GET"  "/app/main.8c972af60a40bd899479.hot-update.json"
[info] [2026-07-14T07:49:16.596Z] : [1784015356594]  "GET"  "/app/main.8c972af60a40bd899479.hot-update.js"
[info] [2026-07-14T07:49:34.470Z] : [react-plugin]: Compiling...
[info] [2026-07-14T07:49:34.721Z] : [react-plugin]: Compiled successfully!
[info] [2026-07-14T07:49:34.721Z] : [react-plugin]: 
[info] [2026-07-14T07:49:34.721Z] : [react-plugin]: You can now view crime-analytics-dashboard in the browser.
[info] [2026-07-14T07:49:34.721Z] : [react-plugin]: 
[info] [2026-07-14T07:49:34.721Z] : [react-plugin]:   Local:            http://localhost:3000/app/
[info] [2026-07-14T07:49:34.721Z] : [react-plugin]:   On Your Network:  http://192.168.29.88:3000/app/
[info] [2026-07-14T07:49:34.721Z] : [react-plugin]: 
[info] [2026-07-14T07:49:34.721Z] : [react-plugin]: Note that the development build is not optimized.
[info] [2026-07-14T07:49:34.721Z] : [react-plugin]: To create a production build, use npm run build.
[info] [2026-07-14T07:49:34.721Z] : [react-plugin]: 
[info] [2026-07-14T07:49:34.728Z] : [1784015374728]  "GET"  "/app/main.8c83818a3467014873a6.hot-update.json"
[info] [2026-07-14T07:49:35.052Z] : [1784015375051]  "GET"  "/app/main.8c83818a3467014873a6.hot-update.js"
[info] [2026-07-14T07:49:41.942Z] : [1784015381941]  "GET"  "/app/"
[info] [2026-07-14T07:49:42.261Z] : [1784015382260]  "GET"  "/app/static/js/bundle.js"
[info] [2026-07-14T07:49:42.277Z] : [1784015382275]  "GET"  "/app/manifest.json"
[info] [2026-07-14T07:49:42.842Z] : [1784015382841]  "POST"  "/server/datathon_kps_h_2_s_function/analytics/query"
[info] [2026-07-14T07:49:42.846Z] : [1784015382845]  "POST"  "/server/datathon_kps_h_2_s_function/analytics/query"
[info] [2026-07-14T07:49:42.849Z] : [1784015382849]  "POST"  "/server/datathon_kps_h_2_s_function/analytics/query"
[info] [2026-07-14T07:49:42.852Z] : [1784015382852]  "POST"  "/server/datathon_kps_h_2_s_function/analytics/query"
[info] [2026-07-14T07:49:42.855Z] : [1784015382855]  "POST"  "/server/datathon_kps_h_2_s_function/analytics/query"
[info] [2026-07-14T07:49:42.858Z] : [1784015382857]  "POST"  "/server/datathon_kps_h_2_s_function/analytics/query"
[info] [2026-07-14T07:49:43.787Z] : [1784015383786]  "POST"  "/server/datathon_kps_h_2_s_function/analytics/query"
[info] [2026-07-14T07:49:43.803Z] : [1784015383803]  "POST"  "/server/datathon_kps_h_2_s_function/analytics/query"
[info] [2026-07-14T07:49:43.805Z] : [1784015383805]  "POST"  "/server/datathon_kps_h_2_s_function/analytics/query"
[info] [2026-07-14T07:49:43.806Z] : [1784015383806]  "POST"  "/server/datathon_kps_h_2_s_function/analytics/query"
[info] [2026-07-14T07:49:43.808Z] : [1784015383807]  "GET"  "/app/favicon.ico"
[info] [2026-07-14T07:49:43.809Z] : [1784015383809]  "GET"  "/app/logo192.png"
[info] [2026-07-14T07:50:04.569Z] : [1784015404565]  "POST"  "/server/datathon_kps_h_2_s_function/analytics/query"
[info] [2026-07-14T07:50:06.524Z] : [1784015406520]  "POST"  "/server/datathon_kps_h_2_s_function/analytics/query"
